2025-07-22T06:40:11.892+05:00  WARN 12972 --- [mcp_server_java] [HikariPool-1:housekeeper] com.zaxxer.hikari.pool.HikariPool        : HikariPool-1 - Thread starvation or clock leap detected (housekeeper delta=7h56m5s437ms248µs400ns).
2025-07-22T06:40:57.329+05:00  INFO 21876 --- [mcp_server_java] [main] c.e.m.McpServerJavaApplication           : Starting McpServerJavaApplication v0.0.1-SNAPSHOT using Java 21.0.8 with PID 21876 (D:\AI_Projects\MCP_Server_JAVA\mcp_server_java\build\libs\mcp_server_java-0.0.1-SNAPSHOT.jar started by Dell in d:\AI_Projects\MCP_Server_JAVA)
2025-07-22T06:40:57.361+05:00  INFO 21876 --- [mcp_server_java] [main] c.e.m.McpServerJavaApplication           : No active profile set, falling back to 1 default profile: "default"
2025-07-22T06:41:05.393+05:00  INFO 21876 --- [mcp_server_java] [main] .s.d.r.c.RepositoryConfigurationDelegate : Bootstrapping Spring Data JPA repositories in DEFAULT mode.
2025-07-22T06:41:06.332+05:00  INFO 21876 --- [mcp_server_java] [main] .s.d.r.c.RepositoryConfigurationDelegate : Finished Spring Data repository scanning in 862 ms. Found 1 JPA repository interface.
2025-07-22T06:41:08.904+05:00  INFO 21876 --- [mcp_server_java] [main] o.s.b.w.embedded.tomcat.TomcatWebServer  : Tomcat initialized with port 8080 (http)
2025-07-22T06:41:08.998+05:00  INFO 21876 --- [mcp_server_java] [main] o.apache.catalina.core.StandardService   : Starting service [Tomcat]
2025-07-22T06:41:08.998+05:00  INFO 21876 --- [mcp_server_java] [main] o.apache.catalina.core.StandardEngine    : Starting Servlet engine: [Apache Tomcat/10.1.42]
2025-07-22T06:41:09.170+05:00  INFO 21876 --- [mcp_server_java] [main] o.a.c.c.C.[Tomcat].[localhost].[/]       : Initializing Spring embedded WebApplicationContext
2025-07-22T06:41:09.171+05:00  INFO 21876 --- [mcp_server_java] [main] w.s.c.ServletWebServerApplicationContext : Root WebApplicationContext: initialization completed in 11122 ms
2025-07-22T06:41:10.569+05:00  INFO 21876 --- [mcp_server_java] [main] o.hibernate.jpa.internal.util.LogHelper  : HHH000204: Processing PersistenceUnitInfo [name: default]
2025-07-22T06:41:11.063+05:00  INFO 21876 --- [mcp_server_java] [main] org.hibernate.Version                    : HHH000412: Hibernate ORM core version 6.6.18.Final
2025-07-22T06:41:11.311+05:00  INFO 21876 --- [mcp_server_java] [main] o.h.c.internal.RegionFactoryInitiator    : HHH000026: Second-level cache disabled
2025-07-22T06:41:13.142+05:00  INFO 21876 --- [mcp_server_java] [main] o.s.o.j.p.SpringPersistenceUnitInfo      : No LoadTimeWeaver setup: ignoring JPA class transformer
2025-07-22T06:41:13.369+05:00  INFO 21876 --- [mcp_server_java] [main] com.zaxxer.hikari.HikariDataSource       : HikariPool-1 - Starting...
2025-07-22T06:41:14.110+05:00  INFO 21876 --- [mcp_server_java] [main] com.zaxxer.hikari.pool.HikariPool        : HikariPool-1 - Added connection org.postgresql.jdbc.PgConnection@6f289728
2025-07-22T06:41:14.116+05:00  INFO 21876 --- [mcp_server_java] [main] com.zaxxer.hikari.HikariDataSource       : HikariPool-1 - Start completed.
2025-07-22T06:41:14.505+05:00  WARN 21876 --- [mcp_server_java] [main] org.hibernate.orm.deprecation            : HHH90000025: PostgreSQLDialect does not need to be specified explicitly using 'hibernate.dialect' (remove the property setting and it will be selected by default)
2025-07-22T06:41:14.964+05:00  INFO 21876 --- [mcp_server_java] [main] org.hibernate.orm.connections.pooling    : HHH10001005: Database info:
	Database JDBC URL [Connecting through datasource 'HikariDataSource (HikariPool-1)']
	Database driver: undefined/unknown
	Database version: 17.5
	Autocommit mode: undefined/unknown
	Isolation level: undefined/unknown
	Minimum pool size: undefined/unknown
	Maximum pool size: undefined/unknown
2025-07-22T06:41:18.743+05:00  INFO 21876 --- [mcp_server_java] [main] o.h.e.t.j.p.i.JtaPlatformInitiator       : HHH000489: No JTA platform available (set 'hibernate.transaction.jta.platform' to enable JTA platform integration)
2025-07-22T06:41:19.031+05:00  INFO 21876 --- [mcp_server_java] [main] j.LocalContainerEntityManagerFactoryBean : Initialized JPA EntityManagerFactory for persistence unit 'default'
2025-07-22T06:41:20.344+05:00  WARN 21876 --- [mcp_server_java] [main] JpaBaseConfiguration$JpaWebConfiguration : spring.jpa.open-in-view is enabled by default. Therefore, database queries may be performed during view rendering. Explicitly configure spring.jpa.open-in-view to disable this warning
2025-07-22T06:41:21.990+05:00  INFO 21876 --- [mcp_server_java] [main] o.s.a.m.s.a.McpServerAutoConfiguration   : Enable tools capabilities, notification: true
2025-07-22T06:41:21.995+05:00  INFO 21876 --- [mcp_server_java] [main] o.s.a.m.s.a.McpServerAutoConfiguration   : Enable resources capabilities, notification: true
2025-07-22T06:41:21.996+05:00  INFO 21876 --- [mcp_server_java] [main] o.s.a.m.s.a.McpServerAutoConfiguration   : Enable prompts capabilities, notification: true
2025-07-22T06:41:21.999+05:00  INFO 21876 --- [mcp_server_java] [main] o.s.a.m.s.a.McpServerAutoConfiguration   : Enable completions capabilities
2025-07-22T06:41:23.716+05:00  WARN 21876 --- [mcp_server_java] [main] ConfigServletWebServerApplicationContext : Exception encountered during context initialization - cancelling refresh attempt: org.springframework.context.ApplicationContextException: Failed to start bean 'webServerStartStop'
2025-07-22T06:41:23.791+05:00  INFO 21876 --- [mcp_server_java] [main] j.LocalContainerEntityManagerFactoryBean : Closing JPA EntityManagerFactory for persistence unit 'default'
2025-07-22T06:41:23.802+05:00  INFO 21876 --- [mcp_server_java] [main] com.zaxxer.hikari.HikariDataSource       : HikariPool-1 - Shutdown initiated...
2025-07-22T06:41:23.818+05:00  INFO 21876 --- [mcp_server_java] [main] com.zaxxer.hikari.HikariDataSource       : HikariPool-1 - Shutdown completed.
2025-07-22T06:41:24.190+05:00  INFO 21876 --- [mcp_server_java] [main] .s.b.a.l.ConditionEvaluationReportLogger : 

Error starting ApplicationContext. To display the condition evaluation report re-run your application with 'debug' enabled.
2025-07-22T06:41:24.309+05:00 ERROR 21876 --- [mcp_server_java] [main] o.s.b.d.LoggingFailureAnalysisReporter   : 

***************************
APPLICATION FAILED TO START
***************************

Description:

Web server failed to start. Port 8080 was already in use.

Action:

Identify and stop the process that's listening on port 8080 or configure this application to listen on another port.

2025-07-22T06:43:13.351+05:00  INFO 2608 --- [mcp_server_java] [main] c.e.m.McpServerJavaApplication           : Starting McpServerJavaApplication v0.0.1-SNAPSHOT using Java 21.0.8 with PID 2608 (D:\AI_Projects\MCP_Server_JAVA\mcp_server_java\build\libs\mcp_server_java-0.0.1-SNAPSHOT.jar started by Dell in d:\AI_Projects\MCP_Server_JAVA)
2025-07-22T06:43:13.359+05:00  INFO 2608 --- [mcp_server_java] [main] c.e.m.McpServerJavaApplication           : No active profile set, falling back to 1 default profile: "default"
2025-07-22T06:43:17.134+05:00  INFO 2608 --- [mcp_server_java] [main] .s.d.r.c.RepositoryConfigurationDelegate : Bootstrapping Spring Data JPA repositories in DEFAULT mode.
2025-07-22T06:43:17.884+05:00  INFO 2608 --- [mcp_server_java] [main] .s.d.r.c.RepositoryConfigurationDelegate : Finished Spring Data repository scanning in 713 ms. Found 1 JPA repository interface.
2025-07-22T06:43:21.614+05:00  INFO 2608 --- [mcp_server_java] [main] o.s.b.w.embedded.tomcat.TomcatWebServer  : Tomcat initialized with port 8080 (http)
2025-07-22T06:43:21.892+05:00  INFO 2608 --- [mcp_server_java] [main] o.apache.catalina.core.StandardService   : Starting service [Tomcat]
2025-07-22T06:43:21.894+05:00  INFO 2608 --- [mcp_server_java] [main] o.apache.catalina.core.StandardEngine    : Starting Servlet engine: [Apache Tomcat/10.1.42]
2025-07-22T06:43:22.357+05:00  INFO 2608 --- [mcp_server_java] [main] o.a.c.c.C.[Tomcat].[localhost].[/]       : Initializing Spring embedded WebApplicationContext
2025-07-22T06:43:22.358+05:00  INFO 2608 --- [mcp_server_java] [main] w.s.c.ServletWebServerApplicationContext : Root WebApplicationContext: initialization completed in 8744 ms
2025-07-22T06:43:24.587+05:00  INFO 2608 --- [mcp_server_java] [main] o.hibernate.jpa.internal.util.LogHelper  : HHH000204: Processing PersistenceUnitInfo [name: default]
2025-07-22T06:43:25.064+05:00  INFO 2608 --- [mcp_server_java] [main] org.hibernate.Version                    : HHH000412: Hibernate ORM core version 6.6.18.Final
2025-07-22T06:43:25.236+05:00  INFO 2608 --- [mcp_server_java] [main] o.h.c.internal.RegionFactoryInitiator    : HHH000026: Second-level cache disabled
2025-07-22T06:43:26.690+05:00  INFO 2608 --- [mcp_server_java] [main] o.s.o.j.p.SpringPersistenceUnitInfo      : No LoadTimeWeaver setup: ignoring JPA class transformer
2025-07-22T06:43:26.846+05:00  INFO 2608 --- [mcp_server_java] [main] com.zaxxer.hikari.HikariDataSource       : HikariPool-1 - Starting...
2025-07-22T06:43:28.270+05:00  INFO 2608 --- [mcp_server_java] [main] com.zaxxer.hikari.pool.HikariPool        : HikariPool-1 - Added connection org.postgresql.jdbc.PgConnection@33215ffb
2025-07-22T06:43:28.277+05:00  INFO 2608 --- [mcp_server_java] [main] com.zaxxer.hikari.HikariDataSource       : HikariPool-1 - Start completed.
2025-07-22T06:43:28.613+05:00  WARN 2608 --- [mcp_server_java] [main] org.hibernate.orm.deprecation            : HHH90000025: PostgreSQLDialect does not need to be specified explicitly using 'hibernate.dialect' (remove the property setting and it will be selected by default)
2025-07-22T06:43:28.941+05:00  INFO 2608 --- [mcp_server_java] [main] org.hibernate.orm.connections.pooling    : HHH10001005: Database info:
	Database JDBC URL [Connecting through datasource 'HikariDataSource (HikariPool-1)']
	Database driver: undefined/unknown
	Database version: 17.5
	Autocommit mode: undefined/unknown
	Isolation level: undefined/unknown
	Minimum pool size: undefined/unknown
	Maximum pool size: undefined/unknown
2025-07-22T06:43:41.076+05:00  INFO 2608 --- [mcp_server_java] [main] o.h.e.t.j.p.i.JtaPlatformInitiator       : HHH000489: No JTA platform available (set 'hibernate.transaction.jta.platform' to enable JTA platform integration)
2025-07-22T06:43:43.826+05:00  INFO 2608 --- [mcp_server_java] [main] j.LocalContainerEntityManagerFactoryBean : Initialized JPA EntityManagerFactory for persistence unit 'default'
2025-07-22T06:43:47.927+05:00  WARN 2608 --- [mcp_server_java] [main] JpaBaseConfiguration$JpaWebConfiguration : spring.jpa.open-in-view is enabled by default. Therefore, database queries may be performed during view rendering. Explicitly configure spring.jpa.open-in-view to disable this warning
2025-07-22T06:43:55.474+05:00  INFO 2608 --- [mcp_server_java] [main] o.s.a.m.s.a.McpServerAutoConfiguration   : Enable tools capabilities, notification: true
2025-07-22T06:43:55.479+05:00  INFO 2608 --- [mcp_server_java] [main] o.s.a.m.s.a.McpServerAutoConfiguration   : Enable resources capabilities, notification: true
2025-07-22T06:43:55.481+05:00  INFO 2608 --- [mcp_server_java] [main] o.s.a.m.s.a.McpServerAutoConfiguration   : Enable prompts capabilities, notification: true
2025-07-22T06:43:55.483+05:00  INFO 2608 --- [mcp_server_java] [main] o.s.a.m.s.a.McpServerAutoConfiguration   : Enable completions capabilities
2025-07-22T06:43:57.095+05:00  WARN 2608 --- [mcp_server_java] [main] ConfigServletWebServerApplicationContext : Exception encountered during context initialization - cancelling refresh attempt: org.springframework.context.ApplicationContextException: Failed to start bean 'webServerStartStop'
2025-07-22T06:43:57.133+05:00  INFO 2608 --- [mcp_server_java] [main] j.LocalContainerEntityManagerFactoryBean : Closing JPA EntityManagerFactory for persistence unit 'default'
2025-07-22T06:43:57.138+05:00  INFO 2608 --- [mcp_server_java] [main] com.zaxxer.hikari.HikariDataSource       : HikariPool-1 - Shutdown initiated...
2025-07-22T06:43:57.164+05:00  INFO 2608 --- [mcp_server_java] [main] com.zaxxer.hikari.HikariDataSource       : HikariPool-1 - Shutdown completed.
2025-07-22T06:43:57.258+05:00  INFO 2608 --- [mcp_server_java] [main] .s.b.a.l.ConditionEvaluationReportLogger : 

Error starting ApplicationContext. To display the condition evaluation report re-run your application with 'debug' enabled.
2025-07-22T06:43:57.406+05:00 ERROR 2608 --- [mcp_server_java] [main] o.s.b.d.LoggingFailureAnalysisReporter   : 

***************************
APPLICATION FAILED TO START
***************************

Description:

Web server failed to start. Port 8080 was already in use.

Action:

Identify and stop the process that's listening on port 8080 or configure this application to listen on another port.

2025-07-22T09:46:44.496+05:00  WARN 12972 --- [mcp_server_java] [HikariPool-1:housekeeper] com.zaxxer.hikari.pool.HikariPool        : HikariPool-1 - Thread starvation or clock leap detected (housekeeper delta=1h56m772ms270µs400ns).
